06-28 22:10:28 [info] [StdOut] 已重定向到命名管道: \\.\pipe\NapCat_41084
06-28 22:10:28 [info] [FFmpeg] [Download] 0% - 查找可用下载源
06-28 22:10:28 [info] [QQ版本兼容性检测] 当前版本Appid未内置 通过Major获取 为了更好的性能请尝试更新NapCat
06-28 22:10:28 [info] [NapCat] [Core] NapCat.Core Version: 4.7.85
06-28 22:10:28 [info] [NapCat] [WebUi] WebUi Local Panel Url: http://127.0.0.1:6099/webui?token=napcat
06-28 22:10:28 [info] 等待网络连接...
06-28 22:10:29 [info] 网络已连接
06-28 22:10:29 [info] 没有 -q 指令指定快速登录，将使用二维码登录方式
06-28 22:10:29 [info] 可用于快速登录的 QQ：
1. 1390989886 麻衣
2. 2815689426 泥嚎
3. 1932520773 漠息几
06-28 22:10:29 [info] 正在快速登录  1390989886
06-28 22:10:29 [warn] 请扫描下面的二维码，然后在手Q上授权登录：
06-28 22:10:29 [warn] 

▄▄▄▄▄▄▄▄▄▄▄▄▄▄▄▄▄▄▄▄▄▄▄▄▄▄▄▄▄▄▄▄▄▄▄
█ ▄▄▄▄▄ █▀ █▀▀▀ ▀▀█▀█ ▀▀▄██ ▄▄▄▄▄ █
█ █   █ █▀ ▄ █▀█ ▀█▄█▀▄ ▄▄█ █   █ █
█ █▄▄▄█ █▀█ █▄█▄▀▀▄▀▄   ███ █▄▄▄█ █
█▄▄▄▄▄▄▄█▄█▄█ █▄▀ █ █ ▀ █▄█▄▄▄▄▄▄▄█
█▄  ▄ ▀▄   ▄█▄▄▀█▄███▀▀ ██▄▀▄█▄▀ ▀█
██▄▀▄▄█▄▄█ ▀ ▄██▄▀█▀▀▄▀█▀█▀▀▄ ▄▀▄██
█▄ █▄▀ ▄▄█▄▀▄▀▄▀▄▀██▀ ▀▄▀█▄▀ ▄▄█▀▀█
████▄ █▄▀  ▀█▀██▄▀▄▀▀ ▀▀▀   ▀██▀▄██
█▀█▄ ▄▀▄▄█▄▀█▄▄▀▄█▄▀▀▄▀▄▄▄▄▀█▄▀█ ▀█
█  █▀▄█▄█▀█  ▄██ █▄▀█ ▀▄██ ▄▀█▄▀▄██
█▀▄  ▀ ▄▀▀▄ ▄▀▄▀█ █▀█ ▀▀ ▀█▀█▄▀█ ▀█
█ █▄▄▄▄▄▄▄ ██▀█▀ ▄▄▄▀█▀▄▀▀  ▄  ▀▄██
█▄███▄█▄▄▀▀ █▄▄▀  █▀  █ ▄ ▄▄▄  ▀█ █
█ ▄▄▄▄▄ █▄   ▄▄▄  ████▀█  █▄█ ▀ ▄██
█ █   █ █ ▄ ▄ ▄▀▄▀█▀▄▀▀▄▀▄ ▄  ▄█▄██
█ █▄▄▄█ █ ▀▄█▄██ ██▄█▀▀  █▄▄ ▀▀ ▄██
█▄▄▄▄▄▄▄█▄█▄██▄███████▄▄█▄██▄▄▄█▄██

二维码解码URL: https://txz.qq.com/p?k=JwUSmurcf6zgDHzU7sEqPXTVfCEAHeQx&f=1600001604
如果控制台二维码无法扫码，可以复制解码url到二维码生成网站生成二维码再扫码，也可以打开下方的二维码路径图片进行扫码。
06-28 22:10:29 [warn] 二维码已保存到 H:\MaiM-with-u\NapCat.Shell\cache\qrcode.png
06-28 22:10:30 [info] [FFmpeg] [Error] 下载FFmpeg失败
06-28 22:12:31 [error] [Core] [Login] Login Error,ErrType:  1  ErrCode: 3
06-28 22:12:31 [warn] 请扫描下面的二维码，然后在手Q上授权登录：
06-28 22:12:31 [warn] 

▄▄▄▄▄▄▄▄▄▄▄▄▄▄▄▄▄▄▄▄▄▄▄▄▄▄▄▄▄▄▄▄▄▄▄
█ ▄▄▄▄▄ █▄▄▄ ▀▄██ █▀ ▀█ █▀█ ▄▄▄▄▄ █
█ █   █ ██▄▀ █ ▀▄▄▀▄█  █▄ █ █   █ █
█ █▄▄▄█ ██▀▄ ▄████▀ ██▀ ▀██ █▄▄▄█ █
█▄▄▄▄▄▄▄█ ▀▄█ ▀ █ █▄▀ █▄▀ █▄▄▄▄▄▄▄█
█▄▄▀  ▀▄▀█▄▀█▄██▀▀█▀▀██▀███▄▀▀█▀▀▄█
█▄▄█▄▄▀▄  ▄██▄█▄ █▀▄▀▀█  █▀  ▄▀▀▄▄█
█▀  ▄▄▀▄ ▄  █▀▀▄  █▄▀▄▄█▀▄▀▄▄███▄▄█
█▄▄ ██▄▄ █▀ █▀▄▀ ▄▄ ▄▄▄█▀▀▀▄█ █▀█▀█
█▄█▀▄▀█▄ █▀  ▄▄  ▀███▀▀ █▄▄ ▀ ▄█  █
██▀▄ ▀ ▄▄▄█ ▀▄  ▄▀▄ ▄▄█▄▄██▀█▄█▀▀ █
█▀█▀██▀▄ ▄ ▄▄▀██ ▄▄█ █▄▀ ▀▄█▀▀▀█▀██
█ █ ▄▄▄▄██▀█ ▀█ ▄▄▀ █ █▀▄▀ ▀ ▄█▀▄▄█
█▄▄▄███▄▄  ▄▄▄▀▄▀ █▀▄▀▀██ ▄▄▄ ▀▀ ██
█ ▄▄▄▄▄ ██ █ ▄█   █▄ █▄   █▄█ ▀ █▀█
█ █   █ █ ▄▄▀ ▄ ██ ██▀██▄▄ ▄▄▄▀█▄▄█
█ █▄▄▄█ █▀██▄▄  ▄▀█▄ ▀█▄▀█▀▀▄   ▀ █
█▄▄▄▄▄▄▄█▄██████▄▄▄█▄█▄██▄▄█▄█▄████

二维码解码URL: https://txz.qq.com/p?k=kmSbmzfEjBh2AV4fUOhFXiC2xraSeJme&f=1600001604
如果控制台二维码无法扫码，可以复制解码url到二维码生成网站生成二维码再扫码，也可以打开下方的二维码路径图片进行扫码。
06-28 22:12:31 [warn] 二维码已保存到 H:\MaiM-with-u\NapCat.Shell\cache\qrcode.png
06-28 22:14:22 [debug] 本账号数据/缓存目录： C:\Users\fang\Documents\Tencent Files\NapCat\data
06-28 22:14:22 [debug] [Core] [Config] 配置文件H:\MaiM-with-u\NapCat.Shell\config\napcat_1390989886.json加载 {"fileLog":false,"consoleLog":true,"fileLogLevel":"debug","consoleLogLevel":"info","packetBackend":"auto","packetServer":"","o3HookMode":1}
06-28 22:14:22 [error] [Core] [Packet] PacketBackend 不支持当前QQ版本架构：9.9.20-36330-x64，
            请参照 https://github.com/NapNeko/NapCatQQ/releases/tag/v4.7.85 配置正确的QQ版本！
